     88463:	symbol=__vdso_clock_gettime;  lookup in file=linux-vdso.so.1 [0]
     88463:	binding file linux-vdso.so.1 [0] to linux-vdso.so.1 [0]: normal symbol `__vdso_clock_gettime' [LINUX_2.6]
     88463:	symbol=__vdso_gettimeofday;  lookup in file=linux-vdso.so.1 [0]
     88463:	binding file linux-vdso.so.1 [0] to linux-vdso.so.1 [0]: normal symbol `__vdso_gettimeofday' [LINUX_2.6]
     88463:	symbol=__vdso_time;  lookup in file=linux-vdso.so.1 [0]
     88463:	binding file linux-vdso.so.1 [0] to linux-vdso.so.1 [0]: normal symbol `__vdso_time' [LINUX_2.6]
     88463:	symbol=__vdso_getcpu;  lookup in file=linux-vdso.so.1 [0]
     88463:	binding file linux-vdso.so.1 [0] to linux-vdso.so.1 [0]: normal symbol `__vdso_getcpu' [LINUX_2.6]
     88463:	symbol=__vdso_clock_getres;  lookup in file=linux-vdso.so.1 [0]
     88463:	binding file linux-vdso.so.1 [0] to linux-vdso.so.1 [0]: normal symbol `__vdso_clock_getres' [LINUX_2.6]
     88463:	
     88463:	file=libc.so.6 [0];  needed by ./a.out [0]
     88463:	find library=libc.so.6 [0]; searching
     88463:	 search cache=/etc/ld.so.cache
     88463:	  trying file=/lib/x86_64-linux-gnu/libc.so.6
     88463:	
     88463:	file=libc.so.6 [0];  generating link map
     88463:	  dynamic: 0x0000721e69002940  base: 0x0000721e68e00000   size: 0x0000000000211d90
     88463:	    entry: 0x0000721e68e2a390  phdr: 0x0000721e68e00040  phnum:                 14
     88463:	
     88463:	checking for version `GLIBC_2.4' in file /lib/x86_64-linux-gnu/libc.so.6 [0] required by file ./a.out [0]
     88463:	checking for version `GLIBC_2.3.2' in file /lib/x86_64-linux-gnu/libc.so.6 [0] required by file ./a.out [0]
     88463:	checking for version `GLIBC_2.17' in file /lib/x86_64-linux-gnu/libc.so.6 [0] required by file ./a.out [0]
     88463:	checking for version `GLIBC_2.2.5' in file /lib/x86_64-linux-gnu/libc.so.6 [0] required by file ./a.out [0]
     88463:	checking for version `GLIBC_2.34' in file /lib/x86_64-linux-gnu/libc.so.6 [0] required by file ./a.out [0]
     88463:	checking for version `GLIBC_2.2.5' in file /lib64/ld-linux-x86-64.so.2 [0] required by file /lib/x86_64-linux-gnu/libc.so.6 [0]
     88463:	checking for version `GLIBC_2.3' in file /lib64/ld-linux-x86-64.so.2 [0] required by file /lib/x86_64-linux-gnu/libc.so.6 [0]
     88463:	checking for version `GLIBC_PRIVATE' in file /lib64/ld-linux-x86-64.so.2 [0] required by file /lib/x86_64-linux-gnu/libc.so.6 [0]
     88463:	
     88463:	Initial object scopes
     88463:	object=./a.out [0]
     88463:	 scope 0: ./a.out /lib/x86_64-linux-gnu/libc.so.6 /lib64/ld-linux-x86-64.so.2
     88463:	
     88463:	object=linux-vdso.so.1 [0]
     88463:	 scope 0: ./a.out /lib/x86_64-linux-gnu/libc.so.6 /lib64/ld-linux-x86-64.so.2
     88463:	 scope 1: linux-vdso.so.1
     88463:	
     88463:	object=/lib/x86_64-linux-gnu/libc.so.6 [0]
     88463:	 scope 0: ./a.out /lib/x86_64-linux-gnu/libc.so.6 /lib64/ld-linux-x86-64.so.2
     88463:	
     88463:	object=/lib64/ld-linux-x86-64.so.2 [0]
     88463:	 no scope
     88463:	
     88463:	
     88463:	relocation processing: /lib/x86_64-linux-gnu/libc.so.6
     88463:	symbol=_res;  lookup in file=./a.out [0]
     88463:	symbol=_res;  lookup in file=/lib/x86_64-linux-gnu/libc.so.6 [0]
     88463:	binding file /lib/x86_64-linux-gnu/libc.so.6 [0] to /lib/x86_64-linux-gnu/libc.so.6 [0]: normal symbol `_res' [GLIBC_2.2.5]
     88463:	symbol=svc_max_pollfd;  lookup in file=./a.out [0]
     88463:	symbol=svc_max_pollfd;  lookup in file=/lib/x86_64-linux-gnu/libc.so.6 [0]
     88463:	binding file /lib/x86_64-linux-gnu/libc.so.6 [0] to /lib/x86_64-linux-gnu/libc.so.6 [0]: normal symbol `svc_max_pollfd' [GLIBC_2.2.5]
     88463:	symbol=obstack_alloc_failed_handler;  lookup in file=./a.out [0]
     88463:	symbol=obstack_alloc_failed_handler;  lookup in file=/lib/x86_64-linux-gnu/libc.so.6 [0]
     88463:	binding file /lib/x86_64-linux-gnu/libc.so.6 [0] to /lib/x86_64-linux-gnu/libc.so.6 [0]: normal symbol `obstack_alloc_failed_handler' [GLIBC_2.2.5]
     88463:	symbol=__ctype_toupper;  lookup in file=./a.out [0]
     88463:	symbol=__ctype_toupper;  lookup in file=/lib/x86_64-linux-gnu/libc.so.6 [0]
     88463:	binding file /lib/x86_64-linux-gnu/libc.so.6 [0] to /lib/x86_64-linux-gnu/libc.so.6 [0]: normal symbol `__ctype_toupper' [GLIBC_2.2.5]
     88463:	symbol=loc1;  lookup in file=./a.out [0]
     88463:	symbol=loc1;  lookup in file=/lib/x86_64-linux-gnu/libc.so.6 [0]
     88463:	binding file /lib/x86_64-linux-gnu/libc.so.6 [0] to /lib/x86_64-linux-gnu/libc.so.6 [0]: normal symbol `loc1' [GLIBC_2.2.5]
     88463:	symbol=_dl_argv;  lookup in file=./a.out [0]
     88463:	symbol=_dl_argv;  lookup in file=/lib/x86_64-linux-gnu/libc.so.6 [0]
     88463:	symbol=_dl_argv;  lookup in file=/lib64/ld-linux-x86-64.so.2 [0]
     88463:	binding file /lib/x86_64-linux-gnu/libc.so.6 [0] to /lib64/ld-linux-x86-64.so.2 [0]: normal symbol `_dl_argv' [GLIBC_PRIVATE]
     88463:	symbol=__libc_single_threaded;  lookup in file=./a.out [0]
     88463:	symbol=__libc_single_threaded;  lookup in file=/lib/x86_64-linux-gnu/libc.so.6 [0]
     88463:	binding file /lib/x86_64-linux-gnu/libc.so.6 [0] to /lib/x86_64-linux-gnu/libc.so.6 [0]: normal symbol `__libc_single_threaded' [GLIBC_2.32]
     88463:	symbol=free;  lookup in file=./a.out [0]
     88463:	symbol=free;  lookup in file=/lib/x86_64-linux-gnu/libc.so.6 [0]
     88463:	binding file /lib/x86_64-linux-gnu/libc.so.6 [0] to /lib/x86_64-linux-gnu/libc.so.6 [0]: normal symbol `free' [GLIBC_2.2.5]
     88463:	symbol=re_syntax_options;  lookup in file=./a.out [0]
     88463:	symbol=re_syntax_options;  lookup in file=/lib/x86_64-linux-gnu/libc.so.6 [0]
     88463:	binding file /lib/x86_64-linux-gnu/libc.so.6 [0] to /lib/x86_64-linux-gnu/libc.so.6 [0]: normal symbol `re_syntax_options' [GLIBC_2.2.5]
     88463:	symbol=rpc_createerr;  lookup in file=./a.out [0]
     88463:	symbol=rpc_createerr;  lookup in file=/lib/x86_64-linux-gnu/libc.so.6 [0]
     88463:	binding file /lib/x86_64-linux-gnu/libc.so.6 [0] to /lib/x86_64-linux-gnu/libc.so.6 [0]: normal symbol `rpc_createerr' [GLIBC_2.2.5]
     88463:	symbol=stdout;  lookup in file=./a.out [0]
     88463:	symbol=stdout;  lookup in file=/lib/x86_64-linux-gnu/libc.so.6 [0]
     88463:	binding file /lib/x86_64-linux-gnu/libc.so.6 [0] to /lib/x86_64-linux-gnu/libc.so.6 [0]: normal symbol `stdout' [GLIBC_2.2.5]
     88463:	symbol=__ctype32_toupper;  lookup in file=./a.out [0]
     88463:	symbol=__ctype32_toupper;  lookup in file=/lib/x86_64-linux-gnu/libc.so.6 [0]
     88463:	binding file /lib/x86_64-linux-gnu/libc.so.6 [0] to /lib/x86_64-linux-gnu/libc.so.6 [0]: normal symbol `__ctype32_toupper' [GLIBC_2.2.5]
     88463:	symbol=opterr;  lookup in file=./a.out [0]
     88463:	symbol=opterr;  lookup in file=/lib/x86_64-linux-gnu/libc.so.6 [0]
     88463:	binding file /lib/x86_64-linux-gnu/libc.so.6 [0] to /lib/x86_64-linux-gnu/libc.so.6 [0]: normal symbol `opterr' [GLIBC_2.2.5]
     88463:	symbol=getdate_err;  lookup in file=./a.out [0]
     88463:	symbol=getdate_err;  lookup in file=/lib/x86_64-linux-gnu/libc.so.6 [0]
     88463:	binding file /lib/x86_64-linux-gnu/libc.so.6 [0] to /lib/x86_64-linux-gnu/libc.so.6 [0]: normal symbol `getdate_err' [GLIBC_2.2.5]
     88463:	symbol=__curbrk;  lookup in file=./a.out [0]
     88463:	symbol=__curbrk;  lookup in file=/lib/x86_64-linux-gnu/libc.so.6 [0]
     88463:	binding file /lib/x86_64-linux-gnu/libc.so.6 [0] to /lib/x86_64-linux-gnu/libc.so.6 [0]: normal symbol `__curbrk' [GLIBC_2.2.5]
     88463:	symbol=loc2;  lookup in file=./a.out [0]
     88463:	symbol=loc2;  lookup in file=/lib/x86_64-linux-gnu/libc.so.6 [0]
     88463:	binding file /lib/x86_64-linux-gnu/libc.so.6 [0] to /lib/x86_64-linux-gnu/libc.so.6 [0]: normal symbol `loc2' [GLIBC_2.2.5]
     88463:	symbol=program_invocation_name;  lookup in file=./a.out [0]
     88463:	symbol=program_invocation_name;  lookup in file=/lib/x86_64-linux-gnu/libc.so.6 [0]
     88463:	binding file /lib/x86_64-linux-gnu/libc.so.6 [0] to /lib/x86_64-linux-gnu/libc.so.6 [0]: normal symbol `program_invocation_name' [GLIBC_2.2.5]
     88463:	symbol=__fpu_control;  lookup in file=./a.out [0]
     88463:	symbol=__fpu_control;  lookup in file=/lib/x86_64-linux-gnu/libc.so.6 [0]
     88463:	binding file /lib/x86_64-linux-gnu/libc.so.6 [0] to /lib/x86_64-linux-gnu/libc.so.6 [0]: normal symbol `__fpu_control' [GLIBC_2.2.5]
     88463:	symbol=__libc_enable_secure;  lookup in file=./a.out [0]
     88463:	symbol=__libc_enable_secure;  lookup in file=/lib/x86_64-linux-gnu/libc.so.6 [0]
     88463:	symbol=__libc_enable_secure;  lookup in file=/lib64/ld-linux-x86-64.so.2 [0]
     88463:	binding file /lib/x86_64-linux-gnu/libc.so.6 [0] to /lib64/ld-linux-x86-64.so.2 [0]: normal symbol `__libc_enable_secure' [GLIBC_PRIVATE]
     88463:	symbol=_IO_2_1_stderr_;  lookup in file=./a.out [0]
     88463:	symbol=_IO_2_1_stderr_;  lookup in file=/lib/x86_64-linux-gnu/libc.so.6 [0]
     88463:	binding file /lib/x86_64-linux-gnu/libc.so.6 [0] to /lib/x86_64-linux-gnu/libc.so.6 [0]: normal symbol `_IO_2_1_stderr_' [GLIBC_2.2.5]
     88463:	symbol=__rcmd_errstr;  lookup in file=./a.out [0]
     88463:	symbol=__rcmd_errstr;  lookup in file=/lib/x86_64-linux-gnu/libc.so.6 [0]
     88463:	binding file /lib/x86_64-linux-gnu/libc.so.6 [0] to /lib/x86_64-linux-gnu/libc.so.6 [0]: normal symbol `__rcmd_errstr' [GLIBC_2.2.5]
     88463:	symbol=__ctype_b;  lookup in file=./a.out [0]
     88463:	symbol=__ctype_b;  lookup in file=/lib/x86_64-linux-gnu/libc.so.6 [0]
     88463:	binding file /lib/x86_64-linux-gnu/libc.so.6 [0] to /lib/x86_64-linux-gnu/libc.so.6 [0]: normal symbol `__ctype_b' [GLIBC_2.2.5]
     88463:	symbol=error_print_progname;  lookup in file=./a.out [0]
     88463:	symbol=error_print_progname;  lookup in file=/lib/x86_64-linux-gnu/libc.so.6 [0]
     88463:	binding file /lib/x86_64-linux-gnu/libc.so.6 [0] to /lib/x86_64-linux-gnu/libc.so.6 [0]: normal symbol `error_print_progname' [GLIBC_2.2.5]
     88463:	symbol=stderr;  lookup in file=./a.out [0]
     88463:	binding file /lib/x86_64-linux-gnu/libc.so.6 [0] to ./a.out [0]: normal symbol `stderr' [GLIBC_2.2.5]
     88463:	symbol=obstack_exit_failure;  lookup in file=./a.out [0]
     88463:	symbol=obstack_exit_failure;  lookup in file=/lib/x86_64-linux-gnu/libc.so.6 [0]
     88463:	binding file /lib/x86_64-linux-gnu/libc.so.6 [0] to /lib/x86_64-linux-gnu/libc.so.6 [0]: normal symbol `obstack_exit_failure' [GLIBC_2.2.5]
     88463:	symbol=__libc_stack_end;  lookup in file=./a.out [0]
     88463:	symbol=__libc_stack_end;  lookup in file=/lib/x86_64-linux-gnu/libc.so.6 [0]
     88463:	symbol=__libc_stack_end;  lookup in file=/lib64/ld-linux-x86-64.so.2 [0]
     88463:	binding file /lib/x86_64-linux-gnu/libc.so.6 [0] to /lib64/ld-linux-x86-64.so.2 [0]: normal symbol `__libc_stack_end' [GLIBC_2.2.5]
     88463:	symbol=__key_encryptsession_pk_LOCAL;  lookup in file=./a.out [0]
     88463:	symbol=__key_encryptsession_pk_LOCAL;  lookup in file=/lib/x86_64-linux-gnu/libc.so.6 [0]
     88463:	binding file /lib/x86_64-linux-gnu/libc.so.6 [0] to /lib/x86_64-linux-gnu/libc.so.6 [0]: normal symbol `__key_encryptsession_pk_LOCAL' [GLIBC_2.2.5]
     88463:	symbol=_rtld_global_ro;  lookup in file=./a.out [0]
     88463:	symbol=_rtld_global_ro;  lookup in file=/lib/x86_64-linux-gnu/libc.so.6 [0]
     88463:	symbol=_rtld_global_ro;  lookup in file=/lib64/ld-linux-x86-64.so.2 [0]
     88463:	binding file /lib/x86_64-linux-gnu/libc.so.6 [0] to /lib64/ld-linux-x86-64.so.2 [0]: normal symbol `_rtld_global_ro' [GLIBC_PRIVATE]
     88463:	symbol=argp_program_version;  lookup in file=./a.out [0]
     88463:	symbol=argp_program_version;  lookup in file=/lib/x86_64-linux-gnu/libc.so.6 [0]
     88463:	binding file /lib/x86_64-linux-gnu/libc.so.6 [0] to /lib/x86_64-linux-gnu/libc.so.6 [0]: normal symbol `argp_program_version' [GLIBC_2.2.5]
     88463:	symbol=svcauthdes_stats;  lookup in file=./a.out [0]
     88463:	symbol=svcauthdes_stats;  lookup in file=/lib/x86_64-linux-gnu/libc.so.6 [0]
     88463:	binding file /lib/x86_64-linux-gnu/libc.so.6 [0] to /lib/x86_64-linux-gnu/libc.so.6 [0]: normal symbol `svcauthdes_stats' [GLIBC_2.2.5]
     88463:	symbol=__check_rhosts_file;  lookup in file=./a.out [0]
     88463:	symbol=__check_rhosts_file;  lookup in file=/lib/x86_64-linux-gnu/libc.so.6 [0]
     88463:	binding file /lib/x86_64-linux-gnu/libc.so.6 [0] to /lib/x86_64-linux-gnu/libc.so.6 [0]: normal symbol `__check_rhosts_file' [GLIBC_2.2.5]
     88463:	symbol=optind;  lookup in file=./a.out [0]
     88463:	symbol=optind;  lookup in file=/lib/x86_64-linux-gnu/libc.so.6 [0]
     88463:	binding file /lib/x86_64-linux-gnu/libc.so.6 [0] to /lib/x86_64-linux-gnu/libc.so.6 [0]: normal symbol `optind' [GLIBC_2.2.5]
     88463:	symbol=_IO_2_1_stdin_;  lookup in file=./a.out [0]
     88463:	symbol=_IO_2_1_stdin_;  lookup in file=/lib/x86_64-linux-gnu/libc.so.6 [0]
     88463:	binding file /lib/x86_64-linux-gnu/libc.so.6 [0] to /lib/x86_64-linux-gnu/libc.so.6 [0]: normal symbol `_IO_2_1_stdin_' [GLIBC_2.2.5]
     88463:	symbol=program_invocation_short_name;  lookup in file=./a.out [0]
     88463:	symbol=program_invocation_short_name;  lookup in file=/lib/x86_64-linux-gnu/libc.so.6 [0]
     88463:	binding file /lib/x86_64-linux-gnu/libc.so.6 [0] to /lib/x86_64-linux-gnu/libc.so.6 [0]: normal symbol `program_invocation_short_name' [GLIBC_2.2.5]
     88463:	symbol=__ctype32_tolower;  lookup in file=./a.out [0]
     88463:	symbol=__ctype32_tolower;  lookup in file=/lib/x86_64-linux-gnu/libc.so.6 [0]
     88463:	binding file /lib/x86_64-linux-gnu/libc.so.6 [0] to /lib/x86_64-linux-gnu/libc.so.6 [0]: normal symbol `__ctype32_tolower' [GLIBC_2.2.5]
     88463:	symbol=error_message_count;  lookup in file=./a.out [0]
     88463:	symbol=error_message_count;  lookup in file=/lib/x86_64-linux-gnu/libc.so.6 [0]
     88463:	binding file /lib/x86_64-linux-gnu/libc.so.6 [0] to /lib/x86_64-linux-gnu/libc.so.6 [0]: normal symbol `error_message_count' [GLIBC_2.2.5]
     88463:	symbol=optopt;  lookup in file=./a.out [0]
     88463:	symbol=optopt;  lookup in file=/lib/x86_64-linux-gnu/libc.so.6 [0]
     88463:	binding file /lib/x86_64-linux-gnu/libc.so.6 [0] to /lib/x86_64-linux-gnu/libc.so.6 [0]: normal symbol `optopt' [GLIBC_2.2.5]
     88463:	symbol=__ctype32_b;  lookup in file=./a.out [0]
     88463:	symbol=__ctype32_b;  lookup in file=/lib/x86_64-linux-gnu/libc.so.6 [0]
     88463:	binding file /lib/x86_64-linux-gnu/libc.so.6 [0] to /lib/x86_64-linux-gnu/libc.so.6 [0]: normal symbol `__ctype32_b' [GLIBC_2.2.5]
     88463:	symbol=_nl_msg_cat_cntr;  lookup in file=./a.out [0]
     88463:	symbol=_nl_msg_cat_cntr;  lookup in file=/lib/x86_64-linux-gnu/libc.so.6 [0]
     88463:	binding file /lib/x86_64-linux-gnu/libc.so.6 [0] to /lib/x86_64-linux-gnu/libc.so.6 [0]: normal symbol `_nl_msg_cat_cntr' [GLIBC_2.2.5]
     88463:	symbol=__daylight;  lookup in file=./a.out [0]
     88463:	symbol=__daylight;  lookup in file=/lib/x86_64-linux-gnu/libc.so.6 [0]
     88463:	binding file /lib/x86_64-linux-gnu/libc.so.6 [0] to /lib/x86_64-linux-gnu/libc.so.6 [0]: normal symbol `__daylight' [GLIBC_2.2.5]
     88463:	symbol=_nl_domain_bindings;  lookup in file=./a.out [0]
     88463:	symbol=_nl_domain_bindings;  lookup in file=/lib/x86_64-linux-gnu/libc.so.6 [0]
     88463:	binding file /lib/x86_64-linux-gnu/libc.so.6 [0] to /lib/x86_64-linux-gnu/libc.so.6 [0]: normal symbol `_nl_domain_bindings' [GLIBC_2.2.5]
     88463:	symbol=argp_program_bug_address;  lookup in file=./a.out [0]
     88463:	symbol=argp_program_bug_address;  lookup in file=/lib/x86_64-linux-gnu/libc.so.6 [0]
     88463:	binding file /lib/x86_64-linux-gnu/libc.so.6 [0] to /lib/x86_64-linux-gnu/libc.so.6 [0]: normal symbol `argp_program_bug_address' [GLIBC_2.2.5]
     88463:	symbol=_IO_funlockfile;  lookup in file=./a.out [0]
     88463:	symbol=_IO_funlockfile;  lookup in file=/lib/x86_64-linux-gnu/libc.so.6 [0]
     88463:	binding file /lib/x86_64-linux-gnu/libc.so.6 [0] to /lib/x86_64-linux-gnu/libc.so.6 [0]: normal symbol `_IO_funlockfile' [GLIBC_2.2.5]
     88463:	symbol=svc_fdset;  lookup in file=./a.out [0]
     88463:	symbol=svc_fdset;  lookup in file=/lib/x86_64-linux-gnu/libc.so.6 [0]
     88463:	binding file /lib/x86_64-linux-gnu/libc.so.6 [0] to /lib/x86_64-linux-gnu/libc.so.6 [0]: normal symbol `svc_fdset' [GLIBC_2.2.5]
     88463:	symbol=__libc_dlerror_result;  lookup in file=./a.out [0]
     88463:	symbol=__libc_dlerror_result;  lookup in file=/lib/x86_64-linux-gnu/libc.so.6 [0]
     88463:	binding file /lib/x86_64-linux-gnu/libc.so.6 [0] to /lib/x86_64-linux-gnu/libc.so.6 [0]: normal symbol `__libc_dlerror_result' [GLIBC_PRIVATE]
     88463:	symbol=stdin;  lookup in file=./a.out [0]
     88463:	symbol=stdin;  lookup in file=/lib/x86_64-linux-gnu/libc.so.6 [0]
     88463:	binding file /lib/x86_64-linux-gnu/libc.so.6 [0] to /lib/x86_64-linux-gnu/libc.so.6 [0]: normal symbol `stdin' [GLIBC_2.2.5]
     88463:	symbol=__timezone;  lookup in file=./a.out [0]
     88463:	symbol=__timezone;  lookup in file=/lib/x86_64-linux-gnu/libc.so.6 [0]
     88463:	binding file /lib/x86_64-linux-gnu/libc.so.6 [0] to /lib/x86_64-linux-gnu/libc.so.6 [0]: normal symbol `__timezone' [GLIBC_2.2.5]
     88463:	symbol=__ctype_tolower;  lookup in file=./a.out [0]
     88463:	symbol=__ctype_tolower;  lookup in file=/lib/x86_64-linux-gnu/libc.so.6 [0]
     88463:	binding file /lib/x86_64-linux-gnu/libc.so.6 [0] to /lib/x86_64-linux-gnu/libc.so.6 [0]: normal symbol `__ctype_tolower' [GLIBC_2.2.5]
     88463:	symbol=_IO_2_1_stdout_;  lookup in file=./a.out [0]
     88463:	symbol=_IO_2_1_stdout_;  lookup in file=/lib/x86_64-linux-gnu/libc.so.6 [0]
     88463:	binding file /lib/x86_64-linux-gnu/libc.so.6 [0] to /lib/x86_64-linux-gnu/libc.so.6 [0]: normal symbol `_IO_2_1_stdout_' [GLIBC_2.2.5]
     88463:	symbol=__tzname;  lookup in file=./a.out [0]
     88463:	symbol=__tzname;  lookup in file=/lib/x86_64-linux-gnu/libc.so.6 [0]
     88463:	binding file /lib/x86_64-linux-gnu/libc.so.6 [0] to /lib/x86_64-linux-gnu/libc.so.6 [0]: normal symbol `__tzname' [GLIBC_2.2.5]
     88463:	symbol=error_one_per_line;  lookup in file=./a.out [0]
     88463:	symbol=error_one_per_line;  lookup in file=/lib/x86_64-linux-gnu/libc.so.6 [0]
     88463:	binding file /lib/x86_64-linux-gnu/libc.so.6 [0] to /lib/x86_64-linux-gnu/libc.so.6 [0]: normal symbol `error_one_per_line' [GLIBC_2.2.5]
     88463:	symbol=_res_hconf;  lookup in file=./a.out [0]
     88463:	symbol=_res_hconf;  lookup in file=/lib/x86_64-linux-gnu/libc.so.6 [0]
     88463:	binding file /lib/x86_64-linux-gnu/libc.so.6 [0] to /lib/x86_64-linux-gnu/libc.so.6 [0]: normal symbol `_res_hconf' [GLIBC_2.2.5]
     88463:	symbol=__key_decryptsession_pk_LOCAL;  lookup in file=./a.out [0]
     88463:	symbol=__key_decryptsession_pk_LOCAL;  lookup in file=/lib/x86_64-linux-gnu/libc.so.6 [0]
     88463:	binding file /lib/x86_64-linux-gnu/libc.so.6 [0] to /lib/x86_64-linux-gnu/libc.so.6 [0]: normal symbol `__key_decryptsession_pk_LOCAL' [GLIBC_2.2.5]
     88463:	symbol=_rtld_global;  lookup in file=./a.out [0]
     88463:	symbol=_rtld_global;  lookup in file=/lib/x86_64-linux-gnu/libc.so.6 [0]
     88463:	symbol=_rtld_global;  lookup in file=/lib64/ld-linux-x86-64.so.2 [0]
     88463:	binding file /lib/x86_64-linux-gnu/libc.so.6 [0] to /lib64/ld-linux-x86-64.so.2 [0]: normal symbol `_rtld_global' [GLIBC_PRIVATE]
     88463:	symbol=__progname;  lookup in file=./a.out [0]
     88463:	symbol=__progname;  lookup in file=/lib/x86_64-linux-gnu/libc.so.6 [0]
     88463:	binding file /lib/x86_64-linux-gnu/libc.so.6 [0] to /lib/x86_64-linux-gnu/libc.so.6 [0]: normal symbol `__progname' [GLIBC_2.2.5]
     88463:	symbol=h_errlist;  lookup in file=./a.out [0]
     88463:	symbol=h_errlist;  lookup in file=/lib/x86_64-linux-gnu/libc.so.6 [0]
     88463:	binding file /lib/x86_64-linux-gnu/libc.so.6 [0] to /lib/x86_64-linux-gnu/libc.so.6 [0]: normal symbol `h_errlist' [GLIBC_2.2.5]
     88463:	symbol=__environ;  lookup in file=./a.out [0]
     88463:	symbol=__environ;  lookup in file=/lib/x86_64-linux-gnu/libc.so.6 [0]
     88463:	binding file /lib/x86_64-linux-gnu/libc.so.6 [0] to /lib/x86_64-linux-gnu/libc.so.6 [0]: normal symbol `__environ' [GLIBC_2.2.5]
     88463:	symbol=argp_err_exit_status;  lookup in file=./a.out [0]
     88463:	symbol=argp_err_exit_status;  lookup in file=/lib/x86_64-linux-gnu/libc.so.6 [0]
     88463:	binding file /lib/x86_64-linux-gnu/libc.so.6 [0] to /lib/x86_64-linux-gnu/libc.so.6 [0]: normal symbol `argp_err_exit_status' [GLIBC_2.2.5]
     88463:	symbol=svc_pollfd;  lookup in file=./a.out [0]
     88463:	symbol=svc_pollfd;  lookup in file=/lib/x86_64-linux-gnu/libc.so.6 [0]
     88463:	binding file /lib/x86_64-linux-gnu/libc.so.6 [0] to /lib/x86_64-linux-gnu/libc.so.6 [0]: normal symbol `svc_pollfd' [GLIBC_2.2.5]
     88463:	symbol=__progname_full;  lookup in file=./a.out [0]
     88463:	symbol=__progname_full;  lookup in file=/lib/x86_64-linux-gnu/libc.so.6 [0]
     88463:	binding file /lib/x86_64-linux-gnu/libc.so.6 [0] to /lib/x86_64-linux-gnu/libc.so.6 [0]: normal symbol `__progname_full' [GLIBC_2.2.5]
     88463:	symbol=argp_program_version_hook;  lookup in file=./a.out [0]
     88463:	symbol=argp_program_version_hook;  lookup in file=/lib/x86_64-linux-gnu/libc.so.6 [0]
     88463:	binding file /lib/x86_64-linux-gnu/libc.so.6 [0] to /lib/x86_64-linux-gnu/libc.so.6 [0]: normal symbol `argp_program_version_hook' [GLIBC_2.2.5]
     88463:	symbol=optarg;  lookup in file=./a.out [0]
     88463:	symbol=optarg;  lookup in file=/lib/x86_64-linux-gnu/libc.so.6 [0]
     88463:	binding file /lib/x86_64-linux-gnu/libc.so.6 [0] to /lib/x86_64-linux-gnu/libc.so.6 [0]: normal symbol `optarg' [GLIBC_2.2.5]
     88463:	symbol=malloc;  lookup in file=./a.out [0]
     88463:	symbol=malloc;  lookup in file=/lib/x86_64-linux-gnu/libc.so.6 [0]
     88463:	binding file /lib/x86_64-linux-gnu/libc.so.6 [0] to /lib/x86_64-linux-gnu/libc.so.6 [0]: normal symbol `malloc' [GLIBC_2.2.5]
     88463:	symbol=realloc;  lookup in file=./a.out [0]
     88463:	symbol=realloc;  lookup in file=/lib/x86_64-linux-gnu/libc.so.6 [0]
     88463:	binding file /lib/x86_64-linux-gnu/libc.so.6 [0] to /lib/x86_64-linux-gnu/libc.so.6 [0]: normal symbol `realloc' [GLIBC_2.2.5]
     88463:	symbol=calloc;  lookup in file=./a.out [0]
     88463:	symbol=calloc;  lookup in file=/lib/x86_64-linux-gnu/libc.so.6 [0]
     88463:	binding file /lib/x86_64-linux-gnu/libc.so.6 [0] to /lib/x86_64-linux-gnu/libc.so.6 [0]: normal symbol `calloc' [GLIBC_2.2.5]
     88463:	symbol=_dl_find_dso_for_object;  lookup in file=./a.out [0]
     88463:	symbol=_dl_find_dso_for_object;  lookup in file=/lib/x86_64-linux-gnu/libc.so.6 [0]
     88463:	symbol=_dl_find_dso_for_object;  lookup in file=/lib64/ld-linux-x86-64.so.2 [0]
     88463:	binding file /lib/x86_64-linux-gnu/libc.so.6 [0] to /lib64/ld-linux-x86-64.so.2 [0]: normal symbol `_dl_find_dso_for_object' [GLIBC_PRIVATE]
     88463:	symbol=_dl_deallocate_tls;  lookup in file=./a.out [0]
     88463:	symbol=_dl_deallocate_tls;  lookup in file=/lib/x86_64-linux-gnu/libc.so.6 [0]
     88463:	symbol=_dl_deallocate_tls;  lookup in file=/lib64/ld-linux-x86-64.so.2 [0]
     88463:	binding file /lib/x86_64-linux-gnu/libc.so.6 [0] to /lib64/ld-linux-x86-64.so.2 [0]: normal symbol `_dl_deallocate_tls' [GLIBC_PRIVATE]
     88463:	symbol=__tls_get_addr;  lookup in file=./a.out [0]
     88463:	symbol=__tls_get_addr;  lookup in file=/lib/x86_64-linux-gnu/libc.so.6 [0]
     88463:	symbol=__tls_get_addr;  lookup in file=/lib64/ld-linux-x86-64.so.2 [0]
     88463:	binding file /lib/x86_64-linux-gnu/libc.so.6 [0] to /lib64/ld-linux-x86-64.so.2 [0]: normal symbol `__tls_get_addr' [GLIBC_2.3]
     88463:	symbol=_dl_signal_error;  lookup in file=./a.out [0]
     88463:	symbol=_dl_signal_error;  lookup in file=/lib/x86_64-linux-gnu/libc.so.6 [0]
     88463:	symbol=_dl_signal_error;  lookup in file=/lib64/ld-linux-x86-64.so.2 [0]
     88463:	binding file /lib/x86_64-linux-gnu/libc.so.6 [0] to /lib64/ld-linux-x86-64.so.2 [0]: normal symbol `_dl_signal_error' [GLIBC_PRIVATE]
     88463:	symbol=_dl_signal_exception;  lookup in file=./a.out [0]
     88463:	symbol=_dl_signal_exception;  lookup in file=/lib/x86_64-linux-gnu/libc.so.6 [0]
     88463:	symbol=_dl_signal_exception;  lookup in file=/lib64/ld-linux-x86-64.so.2 [0]
     88463:	binding file /lib/x86_64-linux-gnu/libc.so.6 [0] to /lib64/ld-linux-x86-64.so.2 [0]: normal symbol `_dl_signal_exception' [GLIBC_PRIVATE]
     88463:	symbol=_dl_audit_symbind_alt;  lookup in file=./a.out [0]
     88463:	symbol=_dl_audit_symbind_alt;  lookup in file=/lib/x86_64-linux-gnu/libc.so.6 [0]
     88463:	symbol=_dl_audit_symbind_alt;  lookup in file=/lib64/ld-linux-x86-64.so.2 [0]
     88463:	binding file /lib/x86_64-linux-gnu/libc.so.6 [0] to /lib64/ld-linux-x86-64.so.2 [0]: normal symbol `_dl_audit_symbind_alt' [GLIBC_PRIVATE]
     88463:	symbol=__tunable_is_initialized;  lookup in file=./a.out [0]
     88463:	symbol=__tunable_is_initialized;  lookup in file=/lib/x86_64-linux-gnu/libc.so.6 [0]
     88463:	symbol=__tunable_is_initialized;  lookup in file=/lib64/ld-linux-x86-64.so.2 [0]
     88463:	binding file /lib/x86_64-linux-gnu/libc.so.6 [0] to /lib64/ld-linux-x86-64.so.2 [0]: normal symbol `__tunable_is_initialized' [GLIBC_PRIVATE]
     88463:	symbol=_dl_rtld_di_serinfo;  lookup in file=./a.out [0]
     88463:	symbol=_dl_rtld_di_serinfo;  lookup in file=/lib/x86_64-linux-gnu/libc.so.6 [0]
     88463:	symbol=_dl_rtld_di_serinfo;  lookup in file=/lib64/ld-linux-x86-64.so.2 [0]
     88463:	binding file /lib/x86_64-linux-gnu/libc.so.6 [0] to /lib64/ld-linux-x86-64.so.2 [0]: normal symbol `_dl_rtld_di_serinfo' [GLIBC_PRIVATE]
     88463:	symbol=_dl_allocate_tls;  lookup in file=./a.out [0]
     88463:	symbol=_dl_allocate_tls;  lookup in file=/lib/x86_64-linux-gnu/libc.so.6 [0]
     88463:	symbol=_dl_allocate_tls;  lookup in file=/lib64/ld-linux-x86-64.so.2 [0]
     88463:	binding file /lib/x86_64-linux-gnu/libc.so.6 [0] to /lib64/ld-linux-x86-64.so.2 [0]: normal symbol `_dl_allocate_tls' [GLIBC_PRIVATE]
     88463:	symbol=__tunable_get_val;  lookup in file=./a.out [0]
     88463:	symbol=__tunable_get_val;  lookup in file=/lib/x86_64-linux-gnu/libc.so.6 [0]
     88463:	symbol=__tunable_get_val;  lookup in file=/lib64/ld-linux-x86-64.so.2 [0]
     88463:	binding file /lib/x86_64-linux-gnu/libc.so.6 [0] to /lib64/ld-linux-x86-64.so.2 [0]: normal symbol `__tunable_get_val' [GLIBC_PRIVATE]
     88463:	symbol=_dl_catch_exception;  lookup in file=./a.out [0]
     88463:	symbol=_dl_catch_exception;  lookup in file=/lib/x86_64-linux-gnu/libc.so.6 [0]
     88463:	symbol=_dl_catch_exception;  lookup in file=/lib64/ld-linux-x86-64.so.2 [0]
     88463:	binding file /lib/x86_64-linux-gnu/libc.so.6 [0] to /lib64/ld-linux-x86-64.so.2 [0]: normal symbol `_dl_catch_exception' [GLIBC_PRIVATE]
     88463:	symbol=_dl_allocate_tls_init;  lookup in file=./a.out [0]
     88463:	symbol=_dl_allocate_tls_init;  lookup in file=/lib/x86_64-linux-gnu/libc.so.6 [0]
     88463:	symbol=_dl_allocate_tls_init;  lookup in file=/lib64/ld-linux-x86-64.so.2 [0]
     88463:	binding file /lib/x86_64-linux-gnu/libc.so.6 [0] to /lib64/ld-linux-x86-64.so.2 [0]: normal symbol `_dl_allocate_tls_init' [GLIBC_PRIVATE]
     88463:	symbol=__nptl_change_stack_perm;  lookup in file=./a.out [0]
     88463:	symbol=__nptl_change_stack_perm;  lookup in file=/lib/x86_64-linux-gnu/libc.so.6 [0]
     88463:	symbol=__nptl_change_stack_perm;  lookup in file=/lib64/ld-linux-x86-64.so.2 [0]
     88463:	binding file /lib/x86_64-linux-gnu/libc.so.6 [0] to /lib64/ld-linux-x86-64.so.2 [0]: normal symbol `__nptl_change_stack_perm' [GLIBC_PRIVATE]
     88463:	symbol=_dl_audit_preinit;  lookup in file=./a.out [0]
     88463:	symbol=_dl_audit_preinit;  lookup in file=/lib/x86_64-linux-gnu/libc.so.6 [0]
     88463:	symbol=_dl_audit_preinit;  lookup in file=/lib64/ld-linux-x86-64.so.2 [0]
     88463:	binding file /lib/x86_64-linux-gnu/libc.so.6 [0] to /lib64/ld-linux-x86-64.so.2 [0]: normal symbol `_dl_audit_preinit' [GLIBC_PRIVATE]
     88463:	
     88463:	relocation processing: ./a.out
     88463:	symbol=__libc_start_main;  lookup in file=./a.out [0]
     88463:	symbol=__libc_start_main;  lookup in file=/lib/x86_64-linux-gnu/libc.so.6 [0]
     88463:	binding file ./a.out [0] to /lib/x86_64-linux-gnu/libc.so.6 [0]: normal symbol `__libc_start_main' [GLIBC_2.34]
     88463:	symbol=_ITM_deregisterTMCloneTable;  lookup in file=./a.out [0]
     88463:	symbol=_ITM_deregisterTMCloneTable;  lookup in file=/lib/x86_64-linux-gnu/libc.so.6 [0]
     88463:	symbol=_ITM_deregisterTMCloneTable;  lookup in file=/lib64/ld-linux-x86-64.so.2 [0]
     88463:	symbol=__gmon_start__;  lookup in file=./a.out [0]
     88463:	symbol=__gmon_start__;  lookup in file=/lib/x86_64-linux-gnu/libc.so.6 [0]
     88463:	symbol=__gmon_start__;  lookup in file=/lib64/ld-linux-x86-64.so.2 [0]
     88463:	symbol=_ITM_registerTMCloneTable;  lookup in file=./a.out [0]
     88463:	symbol=_ITM_registerTMCloneTable;  lookup in file=/lib/x86_64-linux-gnu/libc.so.6 [0]
     88463:	symbol=_ITM_registerTMCloneTable;  lookup in file=/lib64/ld-linux-x86-64.so.2 [0]
     88463:	symbol=__cxa_finalize;  lookup in file=./a.out [0]
     88463:	symbol=__cxa_finalize;  lookup in file=/lib/x86_64-linux-gnu/libc.so.6 [0]
     88463:	binding file ./a.out [0] to /lib/x86_64-linux-gnu/libc.so.6 [0]: normal symbol `__cxa_finalize' [GLIBC_2.2.5]
     88463:	symbol=stderr;  lookup in file=/lib/x86_64-linux-gnu/libc.so.6 [0]
     88463:	binding file ./a.out [0] to /lib/x86_64-linux-gnu/libc.so.6 [0]: normal symbol `stderr' [GLIBC_2.2.5]
     88463:	symbol=pthread_barrierattr_setpshared;  lookup in file=./a.out [0]
     88463:	symbol=pthread_barrierattr_setpshared;  lookup in file=/lib/x86_64-linux-gnu/libc.so.6 [0]
     88463:	binding file ./a.out [0] to /lib/x86_64-linux-gnu/libc.so.6 [0]: normal symbol `pthread_barrierattr_setpshared' [GLIBC_2.34]
     88463:	symbol=pthread_barrier_init;  lookup in file=./a.out [0]
     88463:	symbol=pthread_barrier_init;  lookup in file=/lib/x86_64-linux-gnu/libc.so.6 [0]
     88463:	binding file ./a.out [0] to /lib/x86_64-linux-gnu/libc.so.6 [0]: normal symbol `pthread_barrier_init' [GLIBC_2.34]
     88463:	symbol=puts;  lookup in file=./a.out [0]
     88463:	symbol=puts;  lookup in file=/lib/x86_64-linux-gnu/libc.so.6 [0]
     88463:	binding file ./a.out [0] to /lib/x86_64-linux-gnu/libc.so.6 [0]: normal symbol `puts' [GLIBC_2.2.5]
     88463:	symbol=pthread_barrier_wait;  lookup in file=./a.out [0]
     88463:	symbol=pthread_barrier_wait;  lookup in file=/lib/x86_64-linux-gnu/libc.so.6 [0]
     88463:	binding file ./a.out [0] to /lib/x86_64-linux-gnu/libc.so.6 [0]: normal symbol `pthread_barrier_wait' [GLIBC_2.34]
     88463:	symbol=clock_gettime;  lookup in file=./a.out [0]
     88463:	symbol=clock_gettime;  lookup in file=/lib/x86_64-linux-gnu/libc.so.6 [0]
     88463:	binding file ./a.out [0] to /lib/x86_64-linux-gnu/libc.so.6 [0]: normal symbol `clock_gettime' [GLIBC_2.17]
     88463:	symbol=pthread_cond_wait;  lookup in file=./a.out [0]
     88463:	symbol=pthread_cond_wait;  lookup in file=/lib/x86_64-linux-gnu/libc.so.6 [0]
     88463:	binding file ./a.out [0] to /lib/x86_64-linux-gnu/libc.so.6 [0]: normal symbol `pthread_cond_wait' [GLIBC_2.3.2]
     88463:	symbol=__stack_chk_fail;  lookup in file=./a.out [0]
     88463:	symbol=__stack_chk_fail;  lookup in file=/lib/x86_64-linux-gnu/libc.so.6 [0]
     88463:	binding file ./a.out [0] to /lib/x86_64-linux-gnu/libc.so.6 [0]: normal symbol `__stack_chk_fail' [GLIBC_2.4]
     88463:	symbol=printf;  lookup in file=./a.out [0]
     88463:	symbol=printf;  lookup in file=/lib/x86_64-linux-gnu/libc.so.6 [0]
     88463:	binding file ./a.out [0] to /lib/x86_64-linux-gnu/libc.so.6 [0]: normal symbol `printf' [GLIBC_2.2.5]
     88463:	symbol=pthread_barrier_destroy;  lookup in file=./a.out [0]
     88463:	symbol=pthread_barrier_destroy;  lookup in file=/lib/x86_64-linux-gnu/libc.so.6 [0]
     88463:	binding file ./a.out [0] to /lib/x86_64-linux-gnu/libc.so.6 [0]: normal symbol `pthread_barrier_destroy' [GLIBC_2.34]
     88463:	symbol=pthread_mutex_destroy;  lookup in file=./a.out [0]
     88463:	symbol=pthread_mutex_destroy;  lookup in file=/lib/x86_64-linux-gnu/libc.so.6 [0]
     88463:	binding file ./a.out [0] to /lib/x86_64-linux-gnu/libc.so.6 [0]: normal symbol `pthread_mutex_destroy' [GLIBC_2.2.5]
     88463:	symbol=pthread_mutexattr_settype;  lookup in file=./a.out [0]
     88463:	symbol=pthread_mutexattr_settype;  lookup in file=/lib/x86_64-linux-gnu/libc.so.6 [0]
     88463:	binding file ./a.out [0] to /lib/x86_64-linux-gnu/libc.so.6 [0]: normal symbol `pthread_mutexattr_settype' [GLIBC_2.34]
     88463:	symbol=pthread_condattr_destroy;  lookup in file=./a.out [0]
     88463:	symbol=pthread_condattr_destroy;  lookup in file=/lib/x86_64-linux-gnu/libc.so.6 [0]
     88463:	binding file ./a.out [0] to /lib/x86_64-linux-gnu/libc.so.6 [0]: normal symbol `pthread_condattr_destroy' [GLIBC_2.2.5]
     88463:	symbol=pthread_mutex_trylock;  lookup in file=./a.out [0]
     88463:	symbol=pthread_mutex_trylock;  lookup in file=/lib/x86_64-linux-gnu/libc.so.6 [0]
     88463:	binding file ./a.out [0] to /lib/x86_64-linux-gnu/libc.so.6 [0]: normal symbol `pthread_mutex_trylock' [GLIBC_2.34]
     88463:	symbol=pthread_cond_signal;  lookup in file=./a.out [0]
     88463:	symbol=pthread_cond_signal;  lookup in file=/lib/x86_64-linux-gnu/libc.so.6 [0]
     88463:	binding file ./a.out [0] to /lib/x86_64-linux-gnu/libc.so.6 [0]: normal symbol `pthread_cond_signal' [GLIBC_2.3.2]
     88463:	symbol=pthread_condattr_setclock;  lookup in file=./a.out [0]
     88463:	symbol=pthread_condattr_setclock;  lookup in file=/lib/x86_64-linux-gnu/libc.so.6 [0]
     88463:	binding file ./a.out [0] to /lib/x86_64-linux-gnu/libc.so.6 [0]: normal symbol `pthread_condattr_setclock' [GLIBC_2.34]
     88463:	symbol=fprintf;  lookup in file=./a.out [0]
     88463:	symbol=fprintf;  lookup in file=/lib/x86_64-linux-gnu/libc.so.6 [0]
     88463:	binding file ./a.out [0] to /lib/x86_64-linux-gnu/libc.so.6 [0]: normal symbol `fprintf' [GLIBC_2.2.5]
     88463:	symbol=pthread_mutex_timedlock;  lookup in file=./a.out [0]
     88463:	symbol=pthread_mutex_timedlock;  lookup in file=/lib/x86_64-linux-gnu/libc.so.6 [0]
     88463:	binding file ./a.out [0] to /lib/x86_64-linux-gnu/libc.so.6 [0]: normal symbol `pthread_mutex_timedlock' [GLIBC_2.34]
     88463:	symbol=pthread_barrierattr_destroy;  lookup in file=./a.out [0]
     88463:	symbol=pthread_barrierattr_destroy;  lookup in file=/lib/x86_64-linux-gnu/libc.so.6 [0]
     88463:	binding file ./a.out [0] to /lib/x86_64-linux-gnu/libc.so.6 [0]: normal symbol `pthread_barrierattr_destroy' [GLIBC_2.34]
     88463:	symbol=pthread_barrierattr_init;  lookup in file=./a.out [0]
     88463:	symbol=pthread_barrierattr_init;  lookup in file=/lib/x86_64-linux-gnu/libc.so.6 [0]
     88463:	binding file ./a.out [0] to /lib/x86_64-linux-gnu/libc.so.6 [0]: normal symbol `pthread_barrierattr_init' [GLIBC_2.34]
     88463:	symbol=pthread_cond_init;  lookup in file=./a.out [0]
     88463:	symbol=pthread_cond_init;  lookup in file=/lib/x86_64-linux-gnu/libc.so.6 [0]
     88463:	binding file ./a.out [0] to /lib/x86_64-linux-gnu/libc.so.6 [0]: normal symbol `pthread_cond_init' [GLIBC_2.3.2]
     88463:	symbol=pthread_mutex_unlock;  lookup in file=./a.out [0]
     88463:	symbol=pthread_mutex_unlock;  lookup in file=/lib/x86_64-linux-gnu/libc.so.6 [0]
     88463:	binding file ./a.out [0] to /lib/x86_64-linux-gnu/libc.so.6 [0]: normal symbol `pthread_mutex_unlock' [GLIBC_2.2.5]
     88463:	symbol=pthread_condattr_init;  lookup in file=./a.out [0]
     88463:	symbol=pthread_condattr_init;  lookup in file=/lib/x86_64-linux-gnu/libc.so.6 [0]
     88463:	binding file ./a.out [0] to /lib/x86_64-linux-gnu/libc.so.6 [0]: normal symbol `pthread_condattr_init' [GLIBC_2.2.5]
     88463:	symbol=pthread_create;  lookup in file=./a.out [0]
     88463:	symbol=pthread_create;  lookup in file=/lib/x86_64-linux-gnu/libc.so.6 [0]
     88463:	binding file ./a.out [0] to /lib/x86_64-linux-gnu/libc.so.6 [0]: normal symbol `pthread_create' [GLIBC_2.34]
     88463:	symbol=pthread_cond_timedwait;  lookup in file=./a.out [0]
     88463:	symbol=pthread_cond_timedwait;  lookup in file=/lib/x86_64-linux-gnu/libc.so.6 [0]
     88463:	binding file ./a.out [0] to /lib/x86_64-linux-gnu/libc.so.6 [0]: normal symbol `pthread_cond_timedwait' [GLIBC_2.3.2]
     88463:	symbol=pthread_cond_destroy;  lookup in file=./a.out [0]
     88463:	symbol=pthread_cond_destroy;  lookup in file=/lib/x86_64-linux-gnu/libc.so.6 [0]
     88463:	binding file ./a.out [0] to /lib/x86_64-linux-gnu/libc.so.6 [0]: normal symbol `pthread_cond_destroy' [GLIBC_2.3.2]
     88463:	symbol=pthread_mutexattr_init;  lookup in file=./a.out [0]
     88463:	symbol=pthread_mutexattr_init;  lookup in file=/lib/x86_64-linux-gnu/libc.so.6 [0]
     88463:	binding file ./a.out [0] to /lib/x86_64-linux-gnu/libc.so.6 [0]: normal symbol `pthread_mutexattr_init' [GLIBC_2.34]
     88463:	symbol=pthread_join;  lookup in file=./a.out [0]
     88463:	symbol=pthread_join;  lookup in file=/lib/x86_64-linux-gnu/libc.so.6 [0]
     88463:	binding file ./a.out [0] to /lib/x86_64-linux-gnu/libc.so.6 [0]: normal symbol `pthread_join' [GLIBC_2.34]
     88463:	symbol=strerror;  lookup in file=./a.out [0]
     88463:	symbol=strerror;  lookup in file=/lib/x86_64-linux-gnu/libc.so.6 [0]
     88463:	binding file ./a.out [0] to /lib/x86_64-linux-gnu/libc.so.6 [0]: normal symbol `strerror' [GLIBC_2.2.5]
     88463:	symbol=pthread_mutex_init;  lookup in file=./a.out [0]
     88463:	symbol=pthread_mutex_init;  lookup in file=/lib/x86_64-linux-gnu/libc.so.6 [0]
     88463:	binding file ./a.out [0] to /lib/x86_64-linux-gnu/libc.so.6 [0]: normal symbol `pthread_mutex_init' [GLIBC_2.2.5]
     88463:	symbol=pthread_mutexattr_destroy;  lookup in file=./a.out [0]
     88463:	symbol=pthread_mutexattr_destroy;  lookup in file=/lib/x86_64-linux-gnu/libc.so.6 [0]
     88463:	binding file ./a.out [0] to /lib/x86_64-linux-gnu/libc.so.6 [0]: normal symbol `pthread_mutexattr_destroy' [GLIBC_2.34]
     88463:	symbol=pthread_mutex_lock;  lookup in file=./a.out [0]
     88463:	symbol=pthread_mutex_lock;  lookup in file=/lib/x86_64-linux-gnu/libc.so.6 [0]
     88463:	binding file ./a.out [0] to /lib/x86_64-linux-gnu/libc.so.6 [0]: normal symbol `pthread_mutex_lock' [GLIBC_2.2.5]
     88463:	symbol=usleep;  lookup in file=./a.out [0]
     88463:	symbol=usleep;  lookup in file=/lib/x86_64-linux-gnu/libc.so.6 [0]
     88463:	binding file ./a.out [0] to /lib/x86_64-linux-gnu/libc.so.6 [0]: normal symbol `usleep' [GLIBC_2.2.5]
     88463:	symbol=calloc;  lookup in file=./a.out [0]
     88463:	symbol=calloc;  lookup in file=/lib/x86_64-linux-gnu/libc.so.6 [0]
     88463:	binding file ./a.out [0] to /lib/x86_64-linux-gnu/libc.so.6 [0]: normal symbol `calloc' [GLIBC_2.2.5]
     88463:	symbol=free;  lookup in file=./a.out [0]
     88463:	symbol=free;  lookup in file=/lib/x86_64-linux-gnu/libc.so.6 [0]
     88463:	binding file ./a.out [0] to /lib/x86_64-linux-gnu/libc.so.6 [0]: normal symbol `free' [GLIBC_2.2.5]
     88463:	symbol=malloc;  lookup in file=./a.out [0]
     88463:	symbol=malloc;  lookup in file=/lib/x86_64-linux-gnu/libc.so.6 [0]
     88463:	binding file ./a.out [0] to /lib/x86_64-linux-gnu/libc.so.6 [0]: normal symbol `malloc' [GLIBC_2.2.5]
     88463:	symbol=realloc;  lookup in file=./a.out [0]
     88463:	symbol=realloc;  lookup in file=/lib/x86_64-linux-gnu/libc.so.6 [0]
     88463:	binding file ./a.out [0] to /lib/x86_64-linux-gnu/libc.so.6 [0]: normal symbol `realloc' [GLIBC_2.2.5]
     88463:	
     88463:	relocation processing: /lib64/ld-linux-x86-64.so.2
     88463:	symbol=__rseq_offset;  lookup in file=./a.out [0]
     88463:	symbol=__rseq_offset;  lookup in file=/lib/x86_64-linux-gnu/libc.so.6 [0]
     88463:	symbol=__rseq_offset;  lookup in file=/lib64/ld-linux-x86-64.so.2 [0]
     88463:	binding file /lib64/ld-linux-x86-64.so.2 [0] to /lib64/ld-linux-x86-64.so.2 [0]: normal symbol `__rseq_offset' [GLIBC_2.35]
     88463:	symbol=__rseq_size;  lookup in file=./a.out [0]
     88463:	symbol=__rseq_size;  lookup in file=/lib/x86_64-linux-gnu/libc.so.6 [0]
     88463:	symbol=__rseq_size;  lookup in file=/lib64/ld-linux-x86-64.so.2 [0]
     88463:	binding file /lib64/ld-linux-x86-64.so.2 [0] to /lib64/ld-linux-x86-64.so.2 [0]: normal symbol `__rseq_size' [GLIBC_2.35]
     88463:	
     88463:	calling init: /lib64/ld-linux-x86-64.so.2
     88463:	
     88463:	
     88463:	calling init: /lib/x86_64-linux-gnu/libc.so.6
     88463:	
     88463:	
     88463:	initialize program: ./a.out
     88463:	
     88463:	
     88463:	transferring control: ./a.out
     88463:	
     88463:	
     88463:	calling fini:  [0]
     88463:	
     88463:	
     88463:	calling fini: /lib/x86_64-linux-gnu/libc.so.6 [0]
     88463:	
     88463:	
     88463:	calling fini: /lib64/ld-linux-x86-64.so.2 [0]
     88463:	
