
Symbol table '.dynsym' contains 39 entries:
   Num:    Value          Size Type    Bind   Vis      Ndx Name
     0: 0000000000000000     0 NOTYPE  LOCAL  DEFAULT  UND 
     1: 0000000000000000     0 FUNC    GLOBAL DEFAULT  UND p[...]@GLIBC_2.34 (2)
     2: 0000000000000000     0 FUNC    GLOBAL DEFAULT  UND _[...]@GLIBC_2.34 (2)
     3: 0000000000000000     0 NOTYPE  WEAK   DEFAULT  UND _ITM_deregisterT[...]
     4: 0000000000000000     0 FUNC    GLOBAL DEFAULT  UND p[...]@GLIBC_2.34 (2)
     5: 0000000000000000     0 FUNC    GLOBAL DEFAULT  UND puts@GLIBC_2.2.5 (3)
     6: 0000000000000000     0 FUNC    GLOBAL DEFAULT  UND p[...]@GLIBC_2.34 (2)
     7: 0000000000000000     0 FUNC    GLOBAL DEFAULT  UND c[...]@GLIBC_2.17 (4)
     8: 0000000000000000     0 FUNC    GLOBAL DEFAULT  UND [...]@GLIBC_2.3.2 (5)
     9: 0000000000000000     0 FUNC    GLOBAL DEFAULT  UND __[...]@GLIBC_2.4 (6)
    10: 0000000000000000     0 FUNC    GLOBAL DEFAULT  UND [...]@GLIBC_2.2.5 (3)
    11: 0000000000000000     0 FUNC    GLOBAL DEFAULT  UND p[...]@GLIBC_2.34 (2)
    12: 0000000000000000     0 FUNC    GLOBAL DEFAULT  UND [...]@GLIBC_2.2.5 (3)
    13: 0000000000000000     0 FUNC    GLOBAL DEFAULT  UND p[...]@GLIBC_2.34 (2)
    14: 0000000000000000     0 FUNC    GLOBAL DEFAULT  UND [...]@GLIBC_2.2.5 (3)
    15: 0000000000000000     0 FUNC    GLOBAL DEFAULT  UND p[...]@GLIBC_2.34 (2)
    16: 0000000000000000     0 FUNC    GLOBAL DEFAULT  UND [...]@GLIBC_2.3.2 (5)
    17: 0000000000000000     0 FUNC    GLOBAL DEFAULT  UND p[...]@GLIBC_2.34 (2)
    18: 0000000000000000     0 FUNC    GLOBAL DEFAULT  UND [...]@GLIBC_2.2.5 (3)
    19: 0000000000000000     0 NOTYPE  WEAK   DEFAULT  UND __gmon_start__
    20: 0000000000000000     0 FUNC    GLOBAL DEFAULT  UND p[...]@GLIBC_2.34 (2)
    21: 0000000000000000     0 FUNC    GLOBAL DEFAULT  UND p[...]@GLIBC_2.34 (2)
    22: 0000000000000000     0 FUNC    GLOBAL DEFAULT  UND p[...]@GLIBC_2.34 (2)
    23: 0000000000000000     0 FUNC    GLOBAL DEFAULT  UND [...]@GLIBC_2.3.2 (5)
    24: 0000000000000000     0 FUNC    GLOBAL DEFAULT  UND [...]@GLIBC_2.2.5 (3)
    25: 0000000000000000     0 FUNC    GLOBAL DEFAULT  UND [...]@GLIBC_2.2.5 (3)
    26: 0000000000000000     0 FUNC    GLOBAL DEFAULT  UND p[...]@GLIBC_2.34 (2)
    27: 0000000000000000     0 FUNC    GLOBAL DEFAULT  UND [...]@GLIBC_2.3.2 (5)
    28: 0000000000000000     0 FUNC    GLOBAL DEFAULT  UND [...]@GLIBC_2.3.2 (5)
    29: 0000000000000000     0 NOTYPE  WEAK   DEFAULT  UND _ITM_registerTMC[...]
    30: 0000000000000000     0 FUNC    GLOBAL DEFAULT  UND p[...]@GLIBC_2.34 (2)
    31: 0000000000000000     0 FUNC    GLOBAL DEFAULT  UND p[...]@GLIBC_2.34 (2)
    32: 0000000000000000     0 FUNC    GLOBAL DEFAULT  UND [...]@GLIBC_2.2.5 (3)
    33: 0000000000000000     0 FUNC    GLOBAL DEFAULT  UND [...]@GLIBC_2.2.5 (3)
    34: 0000000000000000     0 FUNC    GLOBAL DEFAULT  UND p[...]@GLIBC_2.34 (2)
    35: 0000000000000000     0 FUNC    GLOBAL DEFAULT  UND [...]@GLIBC_2.2.5 (3)
    36: 0000000000000000     0 FUNC    GLOBAL DEFAULT  UND [...]@GLIBC_2.2.5 (3)
    37: 0000000000000000     0 FUNC    WEAK   DEFAULT  UND [...]@GLIBC_2.2.5 (3)
    38: 0000000000005020     8 OBJECT  GLOBAL DEFAULT   26 [...]@GLIBC_2.2.5 (3)

Symbol table '.symtab' contains 75 entries:
   Num:    Value          Size Type    Bind   Vis      Ndx Name
     0: 0000000000000000     0 NOTYPE  LOCAL  DEFAULT  UND 
     1: 0000000000000000     0 FILE    LOCAL  DEFAULT  ABS Scrt1.o
     2: 000000000000038c    32 OBJECT  LOCAL  DEFAULT    4 __abi_tag
     3: 0000000000000000     0 FILE    LOCAL  DEFAULT  ABS crtstuff.c
     4: 0000000000001470     0 FUNC    LOCAL  DEFAULT   16 deregister_tm_clones
     5: 00000000000014a0     0 FUNC    LOCAL  DEFAULT   16 register_tm_clones
     6: 00000000000014e0     0 FUNC    LOCAL  DEFAULT   16 __do_global_dtors_aux
     7: 0000000000005028     1 OBJECT  LOCAL  DEFAULT   26 completed.0
     8: 0000000000004cc8     0 OBJECT  LOCAL  DEFAULT   22 __do_global_dtor[...]
     9: 0000000000001520     0 FUNC    LOCAL  DEFAULT   16 frame_dummy
    10: 0000000000004cc0     0 OBJECT  LOCAL  DEFAULT   21 __frame_dummy_in[...]
    11: 0000000000000000     0 FILE    LOCAL  DEFAULT  ABS pthread-eg.cpp
    12: 0000000000000000     0 FILE    LOCAL  DEFAULT  ABS crtstuff.c
    13: 0000000000003ae8     0 OBJECT  LOCAL  DEFAULT   20 __FRAME_END__
    14: 0000000000000000     0 FILE    LOCAL  DEFAULT  ABS 
    15: 0000000000004cd0     0 OBJECT  LOCAL  DEFAULT   23 _DYNAMIC
    16: 00000000000038f0     0 NOTYPE  LOCAL  DEFAULT   19 __GNU_EH_FRAME_HDR
    17: 0000000000004ec0     0 OBJECT  LOCAL  DEFAULT   24 _GLOBAL_OFFSET_TABLE_
    18: 0000000000000000     0 FUNC    GLOBAL DEFAULT  UND pthread_barriera[...]
    19: 00000000000018ae  2497 FUNC    GLOBAL DEFAULT   16 _Z21example_pthr[...]
    20: 0000000000000000     0 FUNC    GLOBAL DEFAULT  UND __libc_start_mai[...]
    21: 0000000000000000     0 NOTYPE  WEAK   DEFAULT  UND _ITM_deregisterT[...]
    22: 0000000000005000     0 NOTYPE  WEAK   DEFAULT   25 data_start
    23: 0000000000000000     0 FUNC    GLOBAL DEFAULT  UND pthread_barrier_[...]
    24: 0000000000000000     0 FUNC    GLOBAL DEFAULT  UND puts@GLIBC_2.2.5
    25: 0000000000000000     0 FUNC    GLOBAL DEFAULT  UND pthread_barrier_[...]
    26: 000000000000226f  1565 FUNC    GLOBAL DEFAULT   16 _Z23example_pthr[...]
    27: 0000000000000000     0 FUNC    GLOBAL DEFAULT  UND clock_gettime@GL[...]
    28: 0000000000005010     0 NOTYPE  GLOBAL DEFAULT   25 _edata
    29: 0000000000000000     0 FUNC    GLOBAL DEFAULT  UND pthread_cond_wai[...]
    30: 0000000000002cb4     0 FUNC    GLOBAL HIDDEN    17 _fini
    31: 0000000000000000     0 FUNC    GLOBAL DEFAULT  UND __stack_chk_fail[...]
    32: 0000000000001529   274 FUNC    GLOBAL DEFAULT   16 _Z15increment_basicPv
    33: 0000000000000000     0 FUNC    GLOBAL DEFAULT  UND printf@GLIBC_2.2.5
    34: 0000000000000000     0 FUNC    GLOBAL DEFAULT  UND pthread_barrier_[...]
    35: 0000000000000000     0 FUNC    GLOBAL DEFAULT  UND pthread_mutex_de[...]
    36: 0000000000000000     0 FUNC    GLOBAL DEFAULT  UND pthread_mutexatt[...]
    37: 0000000000000000     0 FUNC    GLOBAL DEFAULT  UND pthread_condattr[...]
    38: 0000000000000000     0 FUNC    GLOBAL DEFAULT  UND pthread_mutex_tr[...]
    39: 0000000000000000     0 FUNC    GLOBAL DEFAULT  UND pthread_cond_sig[...]
    40: 0000000000000000     0 FUNC    GLOBAL DEFAULT  UND pthread_condattr[...]
    41: 0000000000005000     0 NOTYPE  GLOBAL DEFAULT   25 __data_start
    42: 000000000000163b   200 FUNC    GLOBAL DEFAULT   16 _Z8producerPv
    43: 0000000000000000     0 FUNC    GLOBAL DEFAULT  UND fprintf@GLIBC_2.2.5
    44: 0000000000000000     0 NOTYPE  WEAK   DEFAULT  UND __gmon_start__
    45: 0000000000005008     0 OBJECT  GLOBAL HIDDEN    25 __dso_handle
    46: 0000000000000000     0 FUNC    GLOBAL DEFAULT  UND pthread_mutex_ti[...]
    47: 0000000000003000     4 OBJECT  GLOBAL DEFAULT   18 _IO_stdin_used
    48: 0000000000000000     0 FUNC    GLOBAL DEFAULT  UND pthread_barriera[...]
    49: 00000000000017ec   194 FUNC    GLOBAL DEFAULT   16 _Z6workerPv
    50: 0000000000000000     0 FUNC    GLOBAL DEFAULT  UND pthread_barriera[...]
    51: 0000000000000000     0 FUNC    GLOBAL DEFAULT  UND pthread_cond_ini[...]
    52: 0000000000000000     0 FUNC    GLOBAL DEFAULT  UND pthread_mutex_un[...]
    53: 0000000000005030     0 NOTYPE  GLOBAL DEFAULT   26 _end
    54: 0000000000001440    38 FUNC    GLOBAL DEFAULT   16 _start
    55: 000000000000288c  1043 FUNC    GLOBAL DEFAULT   16 _Z23example_pthr[...]
    56: 0000000000005020     0 NOTYPE  GLOBAL DEFAULT   26 __bss_start
    57: 0000000000002c9f    20 FUNC    GLOBAL DEFAULT   16 main
    58: 0000000000000000     0 FUNC    GLOBAL DEFAULT  UND pthread_condattr[...]
    59: 0000000000000000     0 FUNC    GLOBAL DEFAULT  UND pthread_create@G[...]
    60: 0000000000000000     0 FUNC    GLOBAL DEFAULT  UND pthread_cond_tim[...]
    61: 0000000000000000     0 FUNC    GLOBAL DEFAULT  UND pthread_cond_des[...]
    62: 0000000000005010     0 OBJECT  GLOBAL HIDDEN    25 __TMC_END__
    63: 0000000000000000     0 NOTYPE  WEAK   DEFAULT  UND _ITM_registerTMC[...]
    64: 0000000000000000     0 FUNC    GLOBAL DEFAULT  UND pthread_mutexatt[...]
    65: 0000000000000000     0 FUNC    GLOBAL DEFAULT  UND pthread_join@GLI[...]
    66: 0000000000000000     0 FUNC    GLOBAL DEFAULT  UND strerror@GLIBC_2.2.5
    67: 0000000000001703   233 FUNC    GLOBAL DEFAULT   16 _Z8consumerPv
    68: 0000000000000000     0 FUNC    GLOBAL DEFAULT  UND pthread_mutex_in[...]
    69: 0000000000000000     0 FUNC    WEAK   DEFAULT  UND __cxa_finalize@G[...]
    70: 0000000000001000     0 FUNC    GLOBAL HIDDEN    12 _init
    71: 0000000000000000     0 FUNC    GLOBAL DEFAULT  UND pthread_mutexatt[...]
    72: 0000000000000000     0 FUNC    GLOBAL DEFAULT  UND pthread_mutex_lo[...]
    73: 0000000000000000     0 FUNC    GLOBAL DEFAULT  UND usleep@GLIBC_2.2.5
    74: 0000000000005020     8 OBJECT  GLOBAL DEFAULT   26 stderr@GLIBC_2.2.5
